  Injector.cpp
C:\Users\patri\OneDrive\Documents\CMLiteLilBro_[unknowncheats.me]_\Cm Cheat\Injector.cpp(85,1): warning C4566: character represented by universal-character-name '\u2590' cannot be represented in the current code page (1252)
C:\Users\patri\OneDrive\Documents\CMLiteLilBro_[unknowncheats.me]_\Cm Cheat\Injector.cpp(85,1): warning C4566: character represented by universal-character-name '\u2580' cannot be represented in the current code page (1252)
C:\Users\patri\OneDrive\Documents\CMLiteLilBro_[unknowncheats.me]_\Cm Cheat\Injector.cpp(85,1): warning C4566: character represented by universal-character-name '\u258C' cannot be represented in the current code page (1252)
C:\Users\patri\OneDrive\Documents\CMLiteLilBro_[unknowncheats.me]_\Cm Cheat\Injector.cpp(86,1): warning C4566: character represented by universal-character-name '\u2590' cannot be represented in the current code page (1252)
C:\Users\patri\OneDrive\Documents\CMLiteLilBro_[unknowncheats.me]_\Cm Cheat\Injector.cpp(86,1): warning C4566: character represented by universal-character-name '\u258C' cannot be represented in the current code page (1252)
C:\Users\patri\OneDrive\Documents\CMLiteLilBro_[unknowncheats.me]_\Cm Cheat\Injector.cpp(87,1): warning C4566: character represented by universal-character-name '\u2590' cannot be represented in the current code page (1252)
C:\Users\patri\OneDrive\Documents\CMLiteLilBro_[unknowncheats.me]_\Cm Cheat\Injector.cpp(87,1): warning C4566: character represented by universal-character-name '\u258C' cannot be represented in the current code page (1252)
C:\Users\patri\OneDrive\Documents\CMLiteLilBro_[unknowncheats.me]_\Cm Cheat\Injector.cpp(88,1): warning C4566: character represented by universal-character-name '\u2590' cannot be represented in the current code page (1252)
C:\Users\patri\OneDrive\Documents\CMLiteLilBro_[unknowncheats.me]_\Cm Cheat\Injector.cpp(88,1): warning C4566: character represented by universal-character-name '\u258C' cannot be represented in the current code page (1252)
C:\Users\patri\OneDrive\Documents\CMLiteLilBro_[unknowncheats.me]_\Cm Cheat\Injector.cpp(89,1): warning C4566: character represented by universal-character-name '\u2590' cannot be represented in the current code page (1252)
C:\Users\patri\OneDrive\Documents\CMLiteLilBro_[unknowncheats.me]_\Cm Cheat\Injector.cpp(89,1): warning C4566: character represented by universal-character-name '\u258C' cannot be represented in the current code page (1252)
C:\Users\patri\OneDrive\Documents\CMLiteLilBro_[unknowncheats.me]_\Cm Cheat\Injector.cpp(90,1): warning C4566: character represented by universal-character-name '\u2590' cannot be represented in the current code page (1252)
C:\Users\patri\OneDrive\Documents\CMLiteLilBro_[unknowncheats.me]_\Cm Cheat\Injector.cpp(90,1): warning C4566: character represented by universal-character-name '\u258C' cannot be represented in the current code page (1252)
C:\Users\patri\OneDrive\Documents\CMLiteLilBro_[unknowncheats.me]_\Cm Cheat\Injector.cpp(91,1): warning C4566: character represented by universal-character-name '\u2590' cannot be represented in the current code page (1252)
C:\Users\patri\OneDrive\Documents\CMLiteLilBro_[unknowncheats.me]_\Cm Cheat\Injector.cpp(91,1): warning C4566: character represented by universal-character-name '\u258C' cannot be represented in the current code page (1252)
C:\Users\patri\OneDrive\Documents\CMLiteLilBro_[unknowncheats.me]_\Cm Cheat\Injector.cpp(92,1): warning C4566: character represented by universal-character-name '\u2590' cannot be represented in the current code page (1252)
C:\Users\patri\OneDrive\Documents\CMLiteLilBro_[unknowncheats.me]_\Cm Cheat\Injector.cpp(92,1): warning C4566: character represented by universal-character-name '\u258C' cannot be represented in the current code page (1252)
C:\Users\patri\OneDrive\Documents\CMLiteLilBro_[unknowncheats.me]_\Cm Cheat\Injector.cpp(93,1): warning C4566: character represented by universal-character-name '\u2590' cannot be represented in the current code page (1252)
C:\Users\patri\OneDrive\Documents\CMLiteLilBro_[unknowncheats.me]_\Cm Cheat\Injector.cpp(93,1): warning C4566: character represented by universal-character-name '\u258C' cannot be represented in the current code page (1252)
C:\Users\patri\OneDrive\Documents\CMLiteLilBro_[unknowncheats.me]_\Cm Cheat\Injector.cpp(94,1): warning C4566: character represented by universal-character-name '\u2590' cannot be represented in the current code page (1252)
C:\Users\patri\OneDrive\Documents\CMLiteLilBro_[unknowncheats.me]_\Cm Cheat\Injector.cpp(94,1): warning C4566: character represented by universal-character-name '\u258C' cannot be represented in the current code page (1252)
C:\Users\patri\OneDrive\Documents\CMLiteLilBro_[unknowncheats.me]_\Cm Cheat\Injector.cpp(95,1): warning C4566: character represented by universal-character-name '\u2590' cannot be represented in the current code page (1252)
C:\Users\patri\OneDrive\Documents\CMLiteLilBro_[unknowncheats.me]_\Cm Cheat\Injector.cpp(95,1): warning C4566: character represented by universal-character-name '\u258C' cannot be represented in the current code page (1252)
C:\Users\patri\OneDrive\Documents\CMLiteLilBro_[unknowncheats.me]_\Cm Cheat\Injector.cpp(96,1): warning C4566: character represented by universal-character-name '\u2590' cannot be represented in the current code page (1252)
C:\Users\patri\OneDrive\Documents\CMLiteLilBro_[unknowncheats.me]_\Cm Cheat\Injector.cpp(96,1): warning C4566: character represented by universal-character-name '\u258C' cannot be represented in the current code page (1252)
C:\Users\patri\OneDrive\Documents\CMLiteLilBro_[unknowncheats.me]_\Cm Cheat\Injector.cpp(97,1): warning C4566: character represented by universal-character-name '\u2590' cannot be represented in the current code page (1252)
C:\Users\patri\OneDrive\Documents\CMLiteLilBro_[unknowncheats.me]_\Cm Cheat\Injector.cpp(97,1): warning C4566: character represented by universal-character-name '\u2584' cannot be represented in the current code page (1252)
C:\Users\patri\OneDrive\Documents\CMLiteLilBro_[unknowncheats.me]_\Cm Cheat\Injector.cpp(97,1): warning C4566: character represented by universal-character-name '\u258C' cannot be represented in the current code page (1252)
  Generating code
  70 of 74 functions (94.6%) were compiled, the rest were copied from previous compilation.
    0 functions were new in current compilation
    1 functions had inline decision re-evaluated but remain unchanged
  Finished generating code
  Cm Cheat.vcxproj -> C:\Users\patri\OneDrive\Documents\CMLiteLilBro_[unknowncheats.me]_\x64\Release\Cm Cheat.exe
